0 info it worked if it ends with ok
1 verbose cli [ 'C:\\Program Files\\nodejs\\node.exe',
1 verbose cli   'C:\\Program Files\\nodejs\\node_modules\\npm\\bin\\npm-cli.js',
1 verbose cli   'run',
1 verbose cli   'development' ]
2 info using npm@3.10.10
3 info using node@v6.10.3
4 verbose run-script [ 'predevelopment', 'development', 'postdevelopment' ]
5 info lifecycle react-velopert11@1.0.0~predevelopment: react-velopert11@1.0.0
6 silly lifecycle react-velopert11@1.0.0~predevelopment: no script for predevelopment, continuing
7 info lifecycle react-velopert11@1.0.0~development: react-velopert11@1.0.0
8 verbose lifecycle react-velopert11@1.0.0~development: unsafe-perm in lifecycle true
9 verbose lifecycle react-velopert11@1.0.0~development: PATH: C:\Program Files\nodejs\node_modules\npm\bin\node-gyp-bin;C:\Users\zio\Desktop\Genie\react-velopert11\node_modules\.bin;C:\Users\zio\bin;C:\Program Files\Git\mingw64\bin;C:\Program Files\Git\usr\local\bin;C:\Program Files\Git\usr\bin;C:\Program Files\Git\usr\bin;C:\Program Files\Git\mingw64\bin;C:\Program Files\Git\usr\bin;C:\Users\zio\bin;C:\ProgramData\Oracle\Java\javapath;C:\Program Files (x86)\Intel\iCLS Client;C:\Program Files\Intel\iCLS Client;C:\WINDOWS\system32;C:\WINDOWS;C:\WINDOWS\System32\Wbem;C:\WINDOWS\System32\WindowsPowerShell\v1.0;C:\Program Files\Intel\Intel(R) Management Engine Components\DAL;C:\Program Files (x86)\Intel\Intel(R) Management Engine Components\DAL;C:\Program Files\Intel\Intel(R) Management Engine Components\IPT;C:\Program Files (x86)\Intel\Intel(R) Management Engine Components\IPT;C:\Program Files (x86)\Vim\vim74;C:\Program Files\Git LFS;C:\wamp\bin\php\php5.5.12;C:\ProgramData\ComposerSetup\bin;C:\Program Files\PuTTY;C:\Program Files\nodejs;C:\Users\zio\AppData\Roaming\Composer\vendor\bin;C:\Users\zio\AppData\Local\atom\bin;C:\Users\zio\AppData\Local\Microsoft\WindowsApps;C:\Users\zio\AppData\Roaming\npm;C:\Program Files\Git\usr\bin\vendor_perl;C:\Program Files\Git\usr\bin\core_perl
10 verbose lifecycle react-velopert11@1.0.0~development: CWD: C:\Users\zio\Desktop\Genie\react-velopert11
11 silly lifecycle react-velopert11@1.0.0~development: Args: [ '/d /s /c', 'set NODE_ENV=development&&node ./build/main.js' ]
12 silly lifecycle react-velopert11@1.0.0~development: Returned: code: 1  signal: null
13 info lifecycle react-velopert11@1.0.0~development: Failed to exec development script
14 verbose stack Error: react-velopert11@1.0.0 development: `set NODE_ENV=development&&node ./build/main.js`
14 verbose stack Exit status 1
14 verbose stack     at EventEmitter.<anonymous> (C:\Program Files\nodejs\node_modules\npm\lib\utils\lifecycle.js:255:16)
14 verbose stack     at emitTwo (events.js:106:13)
14 verbose stack     at EventEmitter.emit (events.js:191:7)
14 verbose stack     at ChildProcess.<anonymous> (C:\Program Files\nodejs\node_modules\npm\lib\utils\spawn.js:40:14)
14 verbose stack     at emitTwo (events.js:106:13)
14 verbose stack     at ChildProcess.emit (events.js:191:7)
14 verbose stack     at maybeClose (internal/child_process.js:886:16)
14 verbose stack     at Process.ChildProcess._handle.onexit (internal/child_process.js:226:5)
15 verbose pkgid react-velopert11@1.0.0
16 verbose cwd C:\Users\zio\Desktop\Genie\react-velopert11
17 error Windows_NT 10.0.15063
18 error argv "C:\\Program Files\\nodejs\\node.exe" "C:\\Program Files\\nodejs\\node_modules\\npm\\bin\\npm-cli.js" "run" "development"
19 error node v6.10.3
20 error npm  v3.10.10
21 error code ELIFECYCLE
22 error react-velopert11@1.0.0 development: `set NODE_ENV=development&&node ./build/main.js`
22 error Exit status 1
23 error Failed at the react-velopert11@1.0.0 development script 'set NODE_ENV=development&&node ./build/main.js'.
23 error Make sure you have the latest version of node.js and npm installed.
23 error If you do, this is most likely a problem with the react-velopert11 package,
23 error not with npm itself.
23 error Tell the author that this fails on your system:
23 error     set NODE_ENV=development&&node ./build/main.js
23 error You can get information on how to open an issue for this project with:
23 error     npm bugs react-velopert11
23 error Or if that isn't available, you can get their info via:
23 error     npm owner ls react-velopert11
23 error There is likely additional logging output above.
24 verbose exit [ 1, true ]
